1: O 1: started
2: O 6: started
3: O 3: started
4: O 13: started
5: O 5: started
6: O 19: started
7: O 7: started
8: O 23: started
9: O 24: started
10: O 10: started
11: O 11: started
12: O 12: started
13: O 4: started
14: O 14: started
15: O 15: started
16: O 16: started
17: O 38: started
18: O 40: started
19: O 2: started
20: O 20: started
21: O 21: started
22: O 22: started
23: O 8: started
24: O 9: started
25: O 25: started
26: O 26: started
27: O 27: started
28: H 8: started
29: H 9: started
30: O 29: started
31: O 30: started
32: O 31: started
33: O 32: started
34: O 33: started
35: H 16: started
36: H 17: started
37: O 35: started
38: H 19: started
39: O 37: started
40: H 22: started
41: O 39: started
42: O 18: started
43: O 41: started
44: O 42: started
45: O 43: started
46: O 44: started
47: O 45: started
48: H 35: started
49: H 36: started
50: O 48: started
51: O 49: started
52: H 44: started
53: H 46: started
54: H 47: started
55: H 3: started
56: H 4: started
57: H 5: started
58: H 6: started
59: H 7: started
60: H 60: started
61: H 61: started
62: H 10: started
63: H 64: started
64: H 65: started
65: H 13: started
66: H 14: started
67: H 68: started
68: O 34: started
69: H 18: started
70: H 73: started
71: H 20: started
72: H 21: started
73: O 17: started
74: H 23: started
75: H 81: started
76: H 24: started
77: H 26: started
78: H 27: started
79: H 28: started
80: H 29: started
81: H 30: started
82: H 31: started
83: H 32: started
84: H 94: started
85: H 34: started
86: H 96: started
87: O 46: started
88: H 99: started
89: H 100: started
90: H 39: started
91: H 40: started
92: H 41: started
93: H 42: started
94: H 43: started
95: O 50: started
96: H 45: started
97: H 1: started
98: H 2: started
99: H 48: started
100: H 49: started
101: H 50: started
102: H 51: started
103: H 52: started
104: H 53: started
105: H 55: started
106: H 54: started
107: H 56: started
108: H 57: started
109: H 58: started
110: H 59: started
111: O 28: started
112: H 62: started
113: H 63: started
114: H 12: started
115: H 11: started
116: H 66: started
117: H 67: started
118: H 15: started
119: H 69: started
120: H 70: started
121: H 71: started
122: H 72: started
123: O 36: started
124: H 74: started
125: H 75: started
126: H 77: started
127: H 78: started
128: H 76: started
129: H 79: started
130: H 80: started
131: H 25: started
132: H 82: started
133: H 84: started
134: H 85: started
135: H 86: started
136: H 83: started
137: H 87: started
138: H 88: started
139: H 91: started
140: H 92: started
141: H 93: started
142: H 90: started
143: H 33: started
144: O 47: started
145: H 95: started
146: H 97: started
147: H 98: started
148: H 38: started
149: H 89: started
150: H 37: started
151: H 49: going to queue
152: H 85: going to queue
153: H 3: going to queue
154: H 86: going to queue
155: O 13: going to queue
156: O 13: creating molecule 1
157: H 59: going to queue
158: H 12: going to queue
159: H 60: going to queue
160: H 5: going to queue
161: O 24: going to queue
162: H 57: going to queue
163: O 43: going to queue
164: H 52: going to queue
165: H 93: going to queue
166: O 1: going to queue
167: H 77: going to queue
168: H 51: going to queue
169: O 16: going to queue
170: O 30: going to queue
171: H 46: going to queue
172: H 74: going to queue
173: H 84: going to queue
174: O 5: going to queue
175: H 69: going to queue
176: H 35: going to queue
177: H 97: going to queue
178: H 21: going to queue
179: O 12: going to queue
180: O 41: going to queue
181: O 9: going to queue
182: O 17: going to queue
183: H 7: going to queue
184: H 73: going to queue
185: O 32: going to queue
186: H 88: going to queue
187: H 37: going to queue
188: O 31: going to queue
189: H 56: going to queue
190: H 16: going to queue
191: O 37: going to queue
192: O 50: going to queue
193: O 23: going to queue
194: H 14: going to queue
195: H 15: going to queue
196: H 27: going to queue
197: H 29: going to queue
198: H 64: going to queue
199: H 32: going to queue
200: H 95: going to queue
201: H 9: going to queue
202: H 10: going to queue
203: H 55: going to queue
204: H 96: going to queue
205: O 2: going to queue
206: O 29: going to queue
207: H 39: going to queue
208: H 4: going to queue
209: O 39: going to queue
210: H 63: going to queue
211: O 3: going to queue
212: O 33: going to queue
213: O 6: going to queue
214: H 38: going to queue
215: H 94: going to queue
216: H 67: going to queue
217: O 22: going to queue
218: O 42: going to queue
219: O 10: going to queue
220: H 70: going to queue
221: H 36: going to queue
222: H 89: going to queue
223: H 1: going to queue
224: H 31: going to queue
225: O 35: going to queue
226: H 22: going to queue
227: O 18: going to queue
228: O 8: going to queue
229: H 20: going to queue
230: H 49: creating molecule 1
231: H 23: going to queue
232: H 78: going to queue
233: H 43: going to queue
234: H 33: going to queue
235: O 19: going to queue
236: O 14: going to queue
237: O 44: going to queue
238: H 71: going to queue
239: O 40: going to queue
240: H 18: going to queue
241: H 90: going to queue
242: H 47: going to queue
243: H 17: going to queue
244: O 28: going to queue
245: O 4: going to queue
246: H 11: going to queue
247: H 28: going to queue
248: O 36: going to queue
249: H 76: going to queue
250: H 68: going to queue
251: O 27: going to queue
252: O 47: going to queue
253: H 6: going to queue
254: H 91: going to queue
255: H 87: going to queue
256: O 38: going to queue
257: H 41: going to queue
258: H 34: going to queue
259: H 8: going to queue
260: O 21: going to queue
261: H 62: going to queue
262: O 49: going to queue
263: H 83: going to queue
264: H 85: creating molecule 1
265: H 81: going to queue
266: H 65: going to queue
267: H 40: going to queue
268: H 79: going to queue
269: H 80: going to queue
270: H 48: going to queue
271: H 53: going to queue
272: H 99: going to queue
273: H 13: going to queue
274: H 26: going to queue
275: H 72: going to queue
276: H 54: going to queue
277: O 26: going to queue
278: O 15: going to queue
279: O 20: going to queue
280: H 42: going to queue
281: H 50: going to queue
282: H 30: going to queue
283: H 61: going to queue
284: H 75: going to queue
285: O 7: going to queue
286: H 19: going to queue
287: H 2: going to queue
288: H 82: going to queue
289: H 45: going to queue
290: O 25: going to queue
291: H 24: going to queue
292: O 11: going to queue
293: O 45: going to queue
294: H 66: going to queue
295: H 98: going to queue
296: H 58: going to queue
297: H 100: going to queue
298: O 34: going to queue
299: O 46: going to queue
300: O 48: going to queue
301: H 92: going to queue
302: H 44: going to queue
303: H 25: going to queue
304: O 13: molecule 1 created
305: H 49: molecule 1 created
306: H 85: molecule 1 created
307: O 24: creating molecule 2
308: H 3: creating molecule 2
309: H 86: creating molecule 2
310: O 24: molecule 2 created
311: H 3: molecule 2 created
312: H 86: molecule 2 created
313: O 43: creating molecule 3
314: H 12: creating molecule 3
315: H 59: creating molecule 3
316: O 43: molecule 3 created
317: H 59: molecule 3 created
318: H 12: molecule 3 created
319: O 1: creating molecule 4
320: H 60: creating molecule 4
321: H 5: creating molecule 4
322: O 1: molecule 4 created
323: H 5: molecule 4 created
324: H 60: molecule 4 created
325: H 57: creating molecule 5
326: O 16: creating molecule 5
327: H 52: creating molecule 5
328: O 16: molecule 5 created
329: H 52: molecule 5 created
330: H 57: molecule 5 created
331: H 77: creating molecule 6
332: H 93: creating molecule 6
333: O 30: creating molecule 6
334: O 30: molecule 6 created
335: H 77: molecule 6 created
336: H 93: molecule 6 created
337: H 46: creating molecule 7
338: O 5: creating molecule 7
339: H 51: creating molecule 7
340: H 46: molecule 7 created
341: O 5: molecule 7 created
342: H 51: molecule 7 created
343: H 74: creating molecule 8
344: H 84: creating molecule 8
345: O 12: creating molecule 8
346: O 12: molecule 8 created
347: H 84: molecule 8 created
348: H 74: molecule 8 created
349: O 41: creating molecule 9
350: H 69: creating molecule 9
351: H 35: creating molecule 9
352: O 41: molecule 9 created
353: H 35: molecule 9 created
354: H 69: molecule 9 created
355: O 9: creating molecule 10
356: H 21: creating molecule 10
357: H 97: creating molecule 10
358: O 9: molecule 10 created
359: H 21: molecule 10 created
360: H 97: molecule 10 created
361: H 7: creating molecule 11
362: H 73: creating molecule 11
363: O 17: creating molecule 11
364: O 17: molecule 11 created
365: H 7: molecule 11 created
366: H 73: molecule 11 created
367: O 32: creating molecule 12
368: H 37: creating molecule 12
369: H 88: creating molecule 12
370: O 32: molecule 12 created
371: H 88: molecule 12 created
372: H 37: molecule 12 created
373: H 56: creating molecule 13
374: O 31: creating molecule 13
375: H 16: creating molecule 13
376: O 31: molecule 13 created
377: H 16: molecule 13 created
378: H 56: molecule 13 created
379: O 37: creating molecule 14
380: H 14: creating molecule 14
381: H 15: creating molecule 14
382: O 37: molecule 14 created
383: H 14: molecule 14 created
384: H 15: molecule 14 created
385: O 50: creating molecule 15
386: H 29: creating molecule 15
387: H 27: creating molecule 15
388: O 50: molecule 15 created
389: H 29: molecule 15 created
390: H 27: molecule 15 created
391: H 64: creating molecule 16
392: H 32: creating molecule 16
393: O 23: creating molecule 16
394: O 23: molecule 16 created
395: H 64: molecule 16 created
396: H 32: molecule 16 created
397: O 2: creating molecule 17
398: H 95: creating molecule 17
399: H 9: creating molecule 17
400: O 2: molecule 17 created
401: H 95: molecule 17 created
402: H 9: molecule 17 created
403: O 29: creating molecule 18
404: H 55: creating molecule 18
405: H 10: creating molecule 18
406: H 55: molecule 18 created
407: O 29: molecule 18 created
408: H 10: molecule 18 created
409: O 39: creating molecule 19
410: H 96: creating molecule 19
411: H 39: creating molecule 19
412: O 39: molecule 19 created
413: H 39: molecule 19 created
414: H 96: molecule 19 created
415: H 4: creating molecule 20
416: O 3: creating molecule 20
417: H 63: creating molecule 20
418: O 3: molecule 20 created
419: H 4: molecule 20 created
420: H 63: molecule 20 created
421: O 33: creating molecule 21
422: H 94: creating molecule 21
423: H 38: creating molecule 21
424: O 33: molecule 21 created
425: H 94: molecule 21 created
426: H 38: molecule 21 created
427: H 70: creating molecule 22
428: O 6: creating molecule 22
429: H 67: creating molecule 22
430: O 6: molecule 22 created
431: H 67: molecule 22 created
432: H 70: molecule 22 created
433: H 36: creating molecule 23
434: O 22: creating molecule 23
435: H 89: creating molecule 23
436: O 22: molecule 23 created
437: H 36: molecule 23 created
438: H 89: molecule 23 created
439: O 42: creating molecule 24
440: H 1: creating molecule 24
441: H 31: creating molecule 24
442: O 42: molecule 24 created
443: H 1: molecule 24 created
444: H 31: molecule 24 created
445: O 10: creating molecule 25
446: H 22: creating molecule 25
447: H 20: creating molecule 25
448: O 10: molecule 25 created
449: H 20: molecule 25 created
450: H 22: molecule 25 created
451: O 35: creating molecule 26
452: H 78: creating molecule 26
453: H 23: creating molecule 26
454: O 35: molecule 26 created
455: H 78: molecule 26 created
456: H 23: molecule 26 created
457: O 18: creating molecule 27
458: H 43: creating molecule 27
459: H 33: creating molecule 27
460: O 18: molecule 27 created
461: H 43: molecule 27 created
462: H 33: molecule 27 created
463: O 8: creating molecule 28
464: H 18: creating molecule 28
465: H 71: creating molecule 28
466: O 8: molecule 28 created
467: H 71: molecule 28 created
468: H 18: molecule 28 created
469: H 90: creating molecule 29
470: H 47: creating molecule 29
471: O 19: creating molecule 29
472: O 19: molecule 29 created
473: H 47: molecule 29 created
474: H 90: molecule 29 created
475: H 11: creating molecule 30
476: O 14: creating molecule 30
477: H 17: creating molecule 30
478: O 14: molecule 30 created
479: H 11: molecule 30 created
480: H 17: molecule 30 created
481: H 28: creating molecule 31
482: O 44: creating molecule 31
483: H 76: creating molecule 31
484: O 44: molecule 31 created
485: H 76: molecule 31 created
486: H 28: molecule 31 created
487: O 40: creating molecule 32
488: H 68: creating molecule 32
489: H 6: creating molecule 32
490: O 40: molecule 32 created
491: H 68: molecule 32 created
492: H 6: molecule 32 created
493: H 87: creating molecule 33
494: H 91: creating molecule 33
495: O 28: creating molecule 33
496: O 28: molecule 33 created
497: H 91: molecule 33 created
498: H 87: molecule 33 created
499: O 4: creating molecule 34
500: H 34: creating molecule 34
501: H 41: creating molecule 34
502: O 4: molecule 34 created
503: H 34: molecule 34 created
504: H 41: molecule 34 created
505: H 8: creating molecule 35
506: H 62: creating molecule 35
507: O 36: creating molecule 35
508: O 36: molecule 35 created
509: H 8: molecule 35 created
510: H 62: molecule 35 created
511: H 83: creating molecule 36
512: H 81: creating molecule 36
513: O 27: creating molecule 36
514: O 27: molecule 36 created
515: H 83: molecule 36 created
516: H 81: molecule 36 created
517: O 47: creating molecule 37
518: H 65: creating molecule 37
519: H 65: molecule 37 created
520: H 40: creating molecule 37
521: H 40: molecule 37 created
522: O 47: molecule 37 created
523: H 79: creating molecule 38
524: O 38: creating molecule 38
525: H 80: creating molecule 38
526: O 38: molecule 38 created
527: H 80: molecule 38 created
528: H 79: molecule 38 created
529: H 53: creating molecule 39
530: O 21: creating molecule 39
531: H 48: creating molecule 39
532: O 21: molecule 39 created
533: H 48: molecule 39 created
534: H 53: molecule 39 created
535: O 49: creating molecule 40
536: H 13: creating molecule 40
537: H 99: creating molecule 40
538: O 49: molecule 40 created
539: H 13: molecule 40 created
540: H 99: molecule 40 created
541: O 26: creating molecule 41
542: H 26: creating molecule 41
543: H 72: creating molecule 41
544: O 26: molecule 41 created
545: H 26: molecule 41 created
546: H 72: molecule 41 created
547: O 15: creating molecule 42
548: H 42: creating molecule 42
549: H 54: creating molecule 42
550: O 15: molecule 42 created
551: H 42: molecule 42 created
552: H 54: molecule 42 created
553: O 20: creating molecule 43
554: H 50: creating molecule 43
555: H 30: creating molecule 43
556: O 20: molecule 43 created
557: H 30: molecule 43 created
558: H 50: molecule 43 created
559: O 7: creating molecule 44
560: H 61: creating molecule 44
561: H 75: creating molecule 44
562: O 7: molecule 44 created
563: H 61: molecule 44 created
564: H 75: molecule 44 created
565: O 25: creating molecule 45
566: H 19: creating molecule 45
567: H 2: creating molecule 45
568: O 25: molecule 45 created
569: H 19: molecule 45 created
570: H 2: molecule 45 created
571: H 45: creating molecule 46
572: H 82: creating molecule 46
573: O 11: creating molecule 46
574: O 11: molecule 46 created
575: H 45: molecule 46 created
576: H 82: molecule 46 created
577: O 45: creating molecule 47
578: H 66: creating molecule 47
579: H 24: creating molecule 47
580: O 45: molecule 47 created
581: H 24: molecule 47 created
582: H 66: molecule 47 created
583: O 34: creating molecule 48
584: H 58: creating molecule 48
585: H 98: creating molecule 48
586: O 34: molecule 48 created
587: H 58: molecule 48 created
588: H 98: molecule 48 created
589: H 100: creating molecule 49
590: O 46: creating molecule 49
591: H 92: creating molecule 49
592: O 46: molecule 49 created
593: H 92: molecule 49 created
594: H 100: molecule 49 created
595: H 44: creating molecule 50
596: O 48: creating molecule 50
597: H 25: creating molecule 50
598: O 48: molecule 50 created
599: H 44: molecule 50 created
600: H 25: molecule 50 created
